Spark Command: /usr/lib/jvm/java-8-openjdk-amd64/jre/bin/java -cp /opt/spark-2.3.4-bin-hadoop2.7/conf/:/opt/spark-2.3.4-bin-hadoop2.7/jars/* -Xmx1g org.apache.spark.deploy.master.Master --host e6b3ea30153de30aa36da53362285a1dbe81af0e-78f6c6c895-lp4xw --port 7077 --webui-port 8080
========================================
2025-01-20 20:22:11 INFO  Master:2612 - Started daemon with process name: 1858@e6b3ea30153de30aa36da53362285a1dbe81af0e-78f6c6c895-lp4xw
2025-01-20 20:22:11 INFO  SignalUtils:54 - Registered signal handler for TERM
2025-01-20 20:22:12 INFO  SignalUtils:54 - Registered signal handler for HUP
2025-01-20 20:22:12 INFO  SignalUtils:54 - Registered signal handler for INT
2025-01-20 20:22:14 WARN  NativeCodeLoader:62 - Unable to load native-hadoop library for your platform... using builtin-java classes where applicable
2025-01-20 20:22:14 INFO  SecurityManager:54 - Changing view acls to: root
2025-01-20 20:22:14 INFO  SecurityManager:54 - Changing modify acls to: root
2025-01-20 20:22:14 INFO  SecurityManager:54 - Changing view acls groups to: 
2025-01-20 20:22:14 INFO  SecurityManager:54 - Changing modify acls groups to: 
2025-01-20 20:22:14 INFO  SecurityManager:54 - SecurityManager: authentication disabled; ui acls disabled; users  with view permissions: Set(root); groups with view permissions: Set(); users  with modify permissions: Set(root); groups with modify permissions: Set()
2025-01-20 20:22:15 INFO  Utils:54 - Successfully started service 'sparkMaster' on port 7077.
2025-01-20 20:22:16 INFO  Master:54 - Starting Spark master at spark://e6b3ea30153de30aa36da53362285a1dbe81af0e-78f6c6c895-lp4xw:7077
2025-01-20 20:22:16 INFO  Master:54 - Running Spark version 2.3.4
2025-01-20 20:22:16 INFO  log:192 - Logging initialized @7318ms
2025-01-20 20:22:16 INFO  Server:351 - jetty-9.3.z-SNAPSHOT, build timestamp: unknown, git hash: unknown
2025-01-20 20:22:16 INFO  Server:419 - Started @7576ms
2025-01-20 20:22:17 INFO  AbstractConnector:278 - Started ServerConnector@5803fa30{HTTP/1.1,[http/1.1]}{0.0.0.0:8080}
2025-01-20 20:22:17 INFO  Utils:54 - Successfully started service 'MasterUI' on port 8080.
2025-01-20 20:22:17 INFO  ContextHandler:781 - Started o.s.j.s.ServletContextHandler@288cb5ad{/app,null,AVAILABLE,@Spark}
2025-01-20 20:22:17 INFO  ContextHandler:781 - Started o.s.j.s.ServletContextHandler@2a9d58bc{/app/json,null,AVAILABLE,@Spark}
2025-01-20 20:22:17 INFO  ContextHandler:781 - Started o.s.j.s.ServletContextHandler@22f2c724{/,null,AVAILABLE,@Spark}
2025-01-20 20:22:17 INFO  ContextHandler:781 - Started o.s.j.s.ServletContextHandler@4e2c9043{/json,null,AVAILABLE,@Spark}
2025-01-20 20:22:17 INFO  ContextHandler:781 - Started o.s.j.s.ServletContextHandler@e347982{/static,null,AVAILABLE,@Spark}
2025-01-20 20:22:17 INFO  ContextHandler:781 - Started o.s.j.s.ServletContextHandler@27a0668d{/app/kill,null,AVAILABLE,@Spark}
2025-01-20 20:22:17 INFO  ContextHandler:781 - Started o.s.j.s.ServletContextHandler@7362206b{/driver/kill,null,AVAILABLE,@Spark}
2025-01-20 20:22:17 INFO  MasterWebUI:54 - Bound MasterWebUI to 0.0.0.0, and started at http://e6b3ea30153de30aa36da53362285a1dbe81af0e-78f6c6c895-lp4xw:8080
2025-01-20 20:22:17 INFO  Server:351 - jetty-9.3.z-SNAPSHOT, build timestamp: unknown, git hash: unknown
2025-01-20 20:22:17 INFO  ContextHandler:781 - Started o.s.j.s.ServletContextHandler@2b36f151{/,null,AVAILABLE}
2025-01-20 20:22:17 INFO  AbstractConnector:278 - Started ServerConnector@13e3dbb8{HTTP/1.1,[http/1.1]}{e6b3ea30153de30aa36da53362285a1dbe81af0e-78f6c6c895-lp4xw:6066}
2025-01-20 20:22:17 INFO  Server:419 - Started @8287ms
2025-01-20 20:22:17 INFO  Utils:54 - Successfully started service on port 6066.
2025-01-20 20:22:17 INFO  StandaloneRestServer:54 - Started REST server for submitting applications on port 6066
2025-01-20 20:22:17 INFO  ContextHandler:781 - Started o.s.j.s.ServletContextHandler@34dd722b{/metrics/master/json,null,AVAILABLE,@Spark}
2025-01-20 20:22:17 INFO  ContextHandler:781 - Started o.s.j.s.ServletContextHandler@18574467{/metrics/applications/json,null,AVAILABLE,@Spark}
2025-01-20 20:22:18 INFO  Master:54 - I have been elected leader! New state: ALIVE
