Spark Command: /usr/lib/jvm/java-8-openjdk-amd64/jre/bin/java -cp /opt/spark-2.3.4-bin-hadoop2.7/conf/:/opt/spark-2.3.4-bin-hadoop2.7/jars/* -Xmx1g org.apache.spark.deploy.worker.Worker --webui-port 8081 spark://e6b3ea30153de30aa36da53362285a1dbe81af0e-78f6c6c895-lp4xw:7077
========================================
2025-01-20 20:30:51 INFO  Worker:2612 - Started daemon with process name: 2034@e6b3ea30153de30aa36da53362285a1dbe81af0e-78f6c6c895-lp4xw
2025-01-20 20:30:51 INFO  SignalUtils:54 - Registered signal handler for TERM
2025-01-20 20:30:51 INFO  SignalUtils:54 - Registered signal handler for HUP
2025-01-20 20:30:51 INFO  SignalUtils:54 - Registered signal handler for INT
2025-01-20 20:30:52 WARN  NativeCodeLoader:62 - Unable to load native-hadoop library for your platform... using builtin-java classes where applicable
2025-01-20 20:30:53 INFO  SecurityManager:54 - Changing view acls to: root
2025-01-20 20:30:53 INFO  SecurityManager:54 - Changing modify acls to: root
2025-01-20 20:30:53 INFO  SecurityManager:54 - Changing view acls groups to: 
2025-01-20 20:30:53 INFO  SecurityManager:54 - Changing modify acls groups to: 
2025-01-20 20:30:53 INFO  SecurityManager:54 - SecurityManager: authentication disabled; ui acls disabled; users  with view permissions: Set(root); groups with view permissions: Set(); users  with modify permissions: Set(root); groups with modify permissions: Set()
2025-01-20 20:30:53 INFO  Utils:54 - Successfully started service 'sparkWorker' on port 38355.
2025-01-20 20:30:54 INFO  Worker:54 - Starting Spark worker 10.124.26.60:38355 with 16 cores, 124.8 GB RAM
2025-01-20 20:30:54 INFO  Worker:54 - Running Spark version 2.3.4
2025-01-20 20:30:54 INFO  Worker:54 - Spark home: /opt/spark-2.3.4-bin-hadoop2.7
2025-01-20 20:30:54 INFO  log:192 - Logging initialized @5205ms
2025-01-20 20:30:55 INFO  Server:351 - jetty-9.3.z-SNAPSHOT, build timestamp: unknown, git hash: unknown
2025-01-20 20:30:55 INFO  Server:419 - Started @5317ms
2025-01-20 20:30:55 WARN  Utils:66 - Service 'WorkerUI' could not bind on port 8081. Attempting port 8082.
2025-01-20 20:30:55 WARN  Utils:66 - Service 'WorkerUI' could not bind on port 8082. Attempting port 8083.
2025-01-20 20:30:55 WARN  Utils:66 - Service 'WorkerUI' could not bind on port 8083. Attempting port 8084.
2025-01-20 20:30:55 INFO  AbstractConnector:278 - Started ServerConnector@41de3dca{HTTP/1.1,[http/1.1]}{0.0.0.0:8084}
2025-01-20 20:30:55 INFO  Utils:54 - Successfully started service 'WorkerUI' on port 8084.
2025-01-20 20:30:55 INFO  ContextHandler:781 - Started o.s.j.s.ServletContextHandler@3b03b298{/logPage,null,AVAILABLE,@Spark}
2025-01-20 20:30:55 INFO  ContextHandler:781 - Started o.s.j.s.ServletContextHandler@7e44f973{/logPage/json,null,AVAILABLE,@Spark}
2025-01-20 20:30:55 INFO  ContextHandler:781 - Started o.s.j.s.ServletContextHandler@7e3f7cba{/,null,AVAILABLE,@Spark}
2025-01-20 20:30:55 INFO  ContextHandler:781 - Started o.s.j.s.ServletContextHandler@3fb1089c{/json,null,AVAILABLE,@Spark}
2025-01-20 20:30:55 INFO  ContextHandler:781 - Started o.s.j.s.ServletContextHandler@66e7e178{/static,null,AVAILABLE,@Spark}
2025-01-20 20:30:55 INFO  ContextHandler:781 - Started o.s.j.s.ServletContextHandler@6ed8133d{/log,null,AVAILABLE,@Spark}
2025-01-20 20:30:55 INFO  WorkerWebUI:54 - Bound WorkerWebUI to 0.0.0.0, and started at http://e6b3ea30153de30aa36da53362285a1dbe81af0e-78f6c6c895-lp4xw:8084
2025-01-20 20:30:55 INFO  Worker:54 - Connecting to master e6b3ea30153de30aa36da53362285a1dbe81af0e-78f6c6c895-lp4xw:7077...
2025-01-20 20:30:55 INFO  ContextHandler:781 - Started o.s.j.s.ServletContextHandler@102af02{/metrics/json,null,AVAILABLE,@Spark}
2025-01-20 20:30:55 INFO  TransportClientFactory:267 - Successfully created connection to e6b3ea30153de30aa36da53362285a1dbe81af0e-78f6c6c895-lp4xw/10.124.26.60:7077 after 208 ms (0 ms spent in bootstraps)
2025-01-20 20:30:56 INFO  Worker:54 - Successfully registered with master spark://e6b3ea30153de30aa36da53362285a1dbe81af0e-78f6c6c895-lp4xw:7077
